<?xml version="1.0" encoding="UTF-8"?>
<testsuite xmlns:xsi="http://www.w3.org/2001/XMLSchema-instance" xsi:noNamespaceSchemaLocation="https://maven.apache.org/surefire/maven-surefire-plugin/xsd/surefire-test-report.xsd" name="br.com.empresa.integrationtests.swagger.SwaggerIntegrationTest" time="0.13" tests="1" errors="0" skipped="0" failures="0">
  <properties>
    <property name="java.specification.version" value="18"/>
    <property name="sun.cpu.isalist" value="amd64"/>
    <property name="sun.jnu.encoding" value="Cp1252"/>
    <property name="java.class.path" value="C:\Users\willhan.kreuz\Documents\pontotrilha\pontotrilha\target\test-classes;C:\Users\willhan.kreuz\Documents\pontotrilha\pontotrilha\target\classes;C:\Users\willhan.kreuz\.m2\repository\org\springframework\boot\spring-boot-starter-web\3.0.12\spring-boot-starter-web-3.0.12.jar;C:\Users\willhan.kreuz\.m2\repository\org\springframework\boot\spring-boot-starter\3.0.12\spring-boot-starter-3.0.12.jar;C:\Users\willhan.kreuz\.m2\repository\org\springframework\boot\spring-boot-starter-logging\3.0.12\spring-boot-starter-logging-3.0.12.jar;C:\Users\willhan.kreuz\.m2\repository\ch\qos\logback\logback-classic\1.4.11\logback-classic-1.4.11.jar;C:\Users\willhan.kreuz\.m2\repository\ch\qos\logback\logback-core\1.4.11\logback-core-1.4.11.jar;C:\Users\willhan.kreuz\.m2\repository\org\apache\logging\log4j\log4j-to-slf4j\2.19.0\log4j-to-slf4j-2.19.0.jar;C:\Users\willhan.kreuz\.m2\repository\org\apache\logging\log4j\log4j-api\2.19.0\log4j-api-2.19.0.jar;C:\Users\willhan.kreuz\.m2\repository\org\slf4j\jul-to-slf4j\2.0.9\jul-to-slf4j-2.0.9.jar;C:\Users\willhan.kreuz\.m2\repository\jakarta\annotation\jakarta.annotation-api\2.1.1\jakarta.annotation-api-2.1.1.jar;C:\Users\willhan.kreuz\.m2\repository\org\springframework\boot\spring-boot-starter-json\3.0.12\spring-boot-starter-json-3.0.12.jar;C:\Users\willhan.kreuz\.m2\repository\com\fasterxml\jackson\datatype\jackson-datatype-jdk8\2.14.3\jackson-datatype-jdk8-2.14.3.jar;C:\Users\willhan.kreuz\.m2\repository\com\fasterxml\jackson\datatype\jackson-datatype-jsr310\2.14.3\jackson-datatype-jsr310-2.14.3.jar;C:\Users\willhan.kreuz\.m2\repository\com\fasterxml\jackson\module\jackson-module-parameter-names\2.14.3\jackson-module-parameter-names-2.14.3.jar;C:\Users\willhan.kreuz\.m2\repository\org\springframework\boot\spring-boot-starter-tomcat\3.0.12\spring-boot-starter-tomcat-3.0.12.jar;C:\Users\willhan.kreuz\.m2\repository\org\apache\tomcat\embed\tomcat-embed-core\10.1.15\tomcat-embed-core-10.1.15.jar;C:\Users\willhan.kreuz\.m2\repository\org\apache\tomcat\embed\tomcat-embed-websocket\10.1.15\tomcat-embed-websocket-10.1.15.jar;C:\Users\willhan.kreuz\.m2\repository\org\springframework\spring-web\6.0.13\spring-web-6.0.13.jar;C:\Users\willhan.kreuz\.m2\repository\io\micrometer\micrometer-observation\1.10.12\micrometer-observation-1.10.12.jar;C:\Users\willhan.kreuz\.m2\repository\io\micrometer\micrometer-commons\1.10.12\micrometer-commons-1.10.12.jar;C:\Users\willhan.kreuz\.m2\repository\org\springframework\spring-webmvc\6.0.13\spring-webmvc-6.0.13.jar;C:\Users\willhan.kreuz\.m2\repository\org\springframework\spring-expression\6.0.13\spring-expression-6.0.13.jar;C:\Users\willhan.kreuz\.m2\repository\org\springframework\boot\spring-boot-starter-data-jpa\3.0.12\spring-boot-starter-data-jpa-3.0.12.jar;C:\Users\willhan.kreuz\.m2\repository\org\springframework\boot\spring-boot-starter-aop\3.0.12\spring-boot-starter-aop-3.0.12.jar;C:\Users\willhan.kreuz\.m2\repository\org\aspectj\aspectjweaver\1.9.20\aspectjweaver-1.9.20.jar;C:\Users\willhan.kreuz\.m2\repository\org\springframework\boot\spring-boot-starter-jdbc\3.0.12\spring-boot-starter-jdbc-3.0.12.jar;C:\Users\willhan.kreuz\.m2\repository\com\zaxxer\HikariCP\5.0.1\HikariCP-5.0.1.jar;C:\Users\willhan.kreuz\.m2\repository\org\springframework\spring-jdbc\6.0.13\spring-jdbc-6.0.13.jar;C:\Users\willhan.kreuz\.m2\repository\org\hibernate\orm\hibernate-core\6.1.7.Final\hibernate-core-6.1.7.Final.jar;C:\Users\willhan.kreuz\.m2\repository\jakarta\persistence\jakarta.persistence-api\3.1.0\jakarta.persistence-api-3.1.0.jar;C:\Users\willhan.kreuz\.m2\repository\jakarta\transaction\jakarta.transaction-api\2.0.1\jakarta.transaction-api-2.0.1.jar;C:\Users\willhan.kreuz\.m2\repository\org\jboss\logging\jboss-logging\3.5.3.Final\jboss-logging-3.5.3.Final.jar;C:\Users\willhan.kreuz\.m2\repository\org\hibernate\common\hibernate-commons-annotations\6.0.6.Final\hibernate-commons-annotations-6.0.6.Final.jar;C:\Users\willhan.kreuz\.m2\repository\org\jboss\jandex\2.4.2.Final\jandex-2.4.2.Final.jar;C:\Users\willhan.kreuz\.m2\repository\com\fasterxml\classmate\1.5.1\classmate-1.5.1.jar;C:\Users\willhan.kreuz\.m2\repository\org\glassfish\jaxb\jaxb-runtime\4.0.3\jaxb-runtime-4.0.3.jar;C:\Users\willhan.kreuz\.m2\repository\org\glassfish\jaxb\jaxb-core\4.0.3\jaxb-core-4.0.3.jar;C:\Users\willhan.kreuz\.m2\repository\org\eclipse\angus\angus-activation\2.0.1\angus-activation-2.0.1.jar;C:\Users\willhan.kreuz\.m2\repository\org\glassfish\jaxb\txw2\4.0.3\txw2-4.0.3.jar;C:\Users\willhan.kreuz\.m2\repository\com\sun\istack\istack-commons-runtime\4.1.2\istack-commons-runtime-4.1.2.jar;C:\Users\willhan.kreuz\.m2\repository\jakarta\inject\jakarta.inject-api\2.0.0\jakarta.inject-api-2.0.0.jar;C:\Users\willhan.kreuz\.m2\repository\org\antlr\antlr4-runtime\4.10.1\antlr4-runtime-4.10.1.jar;C:\Users\willhan.kreuz\.m2\repository\org\springframework\data\spring-data-jpa\3.0.11\spring-data-jpa-3.0.11.jar;C:\Users\willhan.kreuz\.m2\repository\org\springframework\data\spring-data-commons\3.0.11\spring-data-commons-3.0.11.jar;C:\Users\willhan.kreuz\.m2\repository\org\springframework\spring-orm\6.0.13\spring-orm-6.0.13.jar;C:\Users\willhan.kreuz\.m2\repository\org\springframework\spring-tx\6.0.13\spring-tx-6.0.13.jar;C:\Users\willhan.kreuz\.m2\repository\org\springframework\spring-aspects\6.0.13\spring-aspects-6.0.13.jar;C:\Users\willhan.kreuz\.m2\repository\org\springframework\hateoas\spring-hateoas\2.0.6\spring-hateoas-2.0.6.jar;C:\Users\willhan.kreuz\.m2\repository\org\springframework\spring-aop\6.0.13\spring-aop-6.0.13.jar;C:\Users\willhan.kreuz\.m2\repository\org\springframework\spring-beans\6.0.13\spring-beans-6.0.13.jar;C:\Users\willhan.kreuz\.m2\repository\org\springframework\spring-context\6.0.13\spring-context-6.0.13.jar;C:\Users\willhan.kreuz\.m2\repository\org\springframework\spring-core\6.0.13\spring-core-6.0.13.jar;C:\Users\willhan.kreuz\.m2\repository\org\springframework\spring-jcl\6.0.13\spring-jcl-6.0.13.jar;C:\Users\willhan.kreuz\.m2\repository\org\springframework\plugin\spring-plugin-core\3.0.0\spring-plugin-core-3.0.0.jar;C:\Users\willhan.kreuz\.m2\repository\com\jayway\jsonpath\json-path\2.7.0\json-path-2.7.0.jar;C:\Users\willhan.kreuz\.m2\repository\net\minidev\json-smart\2.4.11\json-smart-2.4.11.jar;C:\Users\willhan.kreuz\.m2\repository\net\minidev\accessors-smart\2.4.11\accessors-smart-2.4.11.jar;C:\Users\willhan.kreuz\.m2\repository\org\ow2\asm\asm\9.3\asm-9.3.jar;C:\Users\willhan.kreuz\.m2\repository\org\slf4j\slf4j-api\2.0.9\slf4j-api-2.0.9.jar;C:\Users\willhan.kreuz\.m2\repository\com\fasterxml\jackson\dataformat\jackson-dataformat-xml\2.14.3\jackson-dataformat-xml-2.14.3.jar;C:\Users\willhan.kreuz\.m2\repository\com\fasterxml\jackson\core\jackson-core\2.14.3\jackson-core-2.14.3.jar;C:\Users\willhan.kreuz\.m2\repository\com\fasterxml\jackson\core\jackson-annotations\2.14.3\jackson-annotations-2.14.3.jar;C:\Users\willhan.kreuz\.m2\repository\com\fasterxml\jackson\core\jackson-databind\2.14.3\jackson-databind-2.14.3.jar;C:\Users\willhan.kreuz\.m2\repository\org\codehaus\woodstox\stax2-api\4.2.1\stax2-api-4.2.1.jar;C:\Users\willhan.kreuz\.m2\repository\com\fasterxml\woodstox\woodstox-core\6.5.0\woodstox-core-6.5.0.jar;C:\Users\willhan.kreuz\.m2\repository\com\fasterxml\jackson\dataformat\jackson-dataformat-yaml\2.14.3\jackson-dataformat-yaml-2.14.3.jar;C:\Users\willhan.kreuz\.m2\repository\org\yaml\snakeyaml\1.33\snakeyaml-1.33.jar;C:\Users\willhan.kreuz\.m2\repository\org\postgresql\postgresql\42.5.4\postgresql-42.5.4.jar;C:\Users\willhan.kreuz\.m2\repository\org\checkerframework\checker-qual\3.5.0\checker-qual-3.5.0.jar;C:\Users\willhan.kreuz\.m2\repository\org\flywaydb\flyway-core\9.5.1\flyway-core-9.5.1.jar;C:\Users\willhan.kreuz\.m2\repository\com\electronwill\night-config\toml\3.6.6\toml-3.6.6.jar;C:\Users\willhan.kreuz\.m2\repository\com\electronwill\night-config\core\3.6.6\core-3.6.6.jar;C:\Users\willhan.kreuz\.m2\repository\com\github\dozermapper\dozer-core\6.4.0\dozer-core-6.4.0.jar;C:\Users\willhan.kreuz\.m2\repository\commons-beanutils\commons-beanutils\1.9.3\commons-beanutils-1.9.3.jar;C:\Users\willhan.kreuz\.m2\repository\commons-collections\commons-collections\3.2.2\commons-collections-3.2.2.jar;C:\Users\willhan.kreuz\.m2\repository\org\apache\commons\commons-lang3\3.12.0\commons-lang3-3.12.0.jar;C:\Users\willhan.kreuz\.m2\repository\commons-io\commons-io\2.5\commons-io-2.5.jar;C:\Users\willhan.kreuz\.m2\repository\javax\xml\bind\jaxb-api\2.2.11\jaxb-api-2.2.11.jar;C:\Users\willhan.kreuz\.m2\repository\org\slf4j\jcl-over-slf4j\2.0.9\jcl-over-slf4j-2.0.9.jar;C:\Users\willhan.kreuz\.m2\repository\org\objenesis\objenesis\2.6\objenesis-2.6.jar;C:\Users\willhan.kreuz\.m2\repository\org\projectlombok\lombok\1.18.30\lombok-1.18.30.jar;C:\Users\willhan.kreuz\.m2\repository\org\springdoc\springdoc-openapi-starter-webmvc-ui\2.0.2\springdoc-openapi-starter-webmvc-ui-2.0.2.jar;C:\Users\willhan.kreuz\.m2\repository\org\springdoc\springdoc-openapi-starter-webmvc-api\2.0.2\springdoc-openapi-starter-webmvc-api-2.0.2.jar;C:\Users\willhan.kreuz\.m2\repository\org\springdoc\springdoc-openapi-starter-common\2.0.2\springdoc-openapi-starter-common-2.0.2.jar;C:\Users\willhan.kreuz\.m2\repository\io\swagger\core\v3\swagger-core-jakarta\2.2.7\swagger-core-jakarta-2.2.7.jar;C:\Users\willhan.kreuz\.m2\repository\io\swagger\core\v3\swagger-annotations-jakarta\2.2.7\swagger-annotations-jakarta-2.2.7.jar;C:\Users\willhan.kreuz\.m2\repository\io\swagger\core\v3\swagger-models-jakarta\2.2.7\swagger-models-jakarta-2.2.7.jar;C:\Users\willhan.kreuz\.m2\repository\org\webjars\swagger-ui\4.15.5\swagger-ui-4.15.5.jar;C:\Users\willhan.kreuz\.m2\repository\org\webjars\webjars-locator-core\0.52\webjars-locator-core-0.52.jar;C:\Users\willhan.kreuz\.m2\repository\io\github\classgraph\classgraph\4.8.149\classgraph-4.8.149.jar;C:\Users\willhan.kreuz\.m2\repository\org\springframework\boot\spring-boot-starter-validation\3.0.12\spring-boot-starter-validation-3.0.12.jar;C:\Users\willhan.kreuz\.m2\repository\org\apache\tomcat\embed\tomcat-embed-el\10.1.15\tomcat-embed-el-10.1.15.jar;C:\Users\willhan.kreuz\.m2\repository\org\hibernate\validator\hibernate-validator\8.0.1.Final\hibernate-validator-8.0.1.Final.jar;C:\Users\willhan.kreuz\.m2\repository\jakarta\validation\jakarta.validation-api\3.0.2\jakarta.validation-api-3.0.2.jar;C:\Users\willhan.kreuz\.m2\repository\org\springframework\boot\spring-boot-starter-test\3.0.12\spring-boot-starter-test-3.0.12.jar;C:\Users\willhan.kreuz\.m2\repository\org\springframework\boot\spring-boot-test\3.0.12\spring-boot-test-3.0.12.jar;C:\Users\willhan.kreuz\.m2\repository\org\springframework\boot\spring-boot-test-autoconfigure\3.0.12\spring-boot-test-autoconfigure-3.0.12.jar;C:\Users\willhan.kreuz\.m2\repository\jakarta\xml\bind\jakarta.xml.bind-api\4.0.1\jakarta.xml.bind-api-4.0.1.jar;C:\Users\willhan.kreuz\.m2\repository\jakarta\activation\jakarta.activation-api\2.1.2\jakarta.activation-api-2.1.2.jar;C:\Users\willhan.kreuz\.m2\repository\org\assertj\assertj-core\3.23.1\assertj-core-3.23.1.jar;C:\Users\willhan.kreuz\.m2\repository\org\hamcrest\hamcrest\2.2\hamcrest-2.2.jar;C:\Users\willhan.kreuz\.m2\repository\org\junit\jupiter\junit-jupiter\5.9.3\junit-jupiter-5.9.3.jar;C:\Users\willhan.kreuz\.m2\repository\org\junit\jupiter\junit-jupiter-api\5.9.3\junit-jupiter-api-5.9.3.jar;C:\Users\willhan.kreuz\.m2\repository\org\opentest4j\opentest4j\1.2.0\opentest4j-1.2.0.jar;C:\Users\willhan.kreuz\.m2\repository\org\junit\platform\junit-platform-commons\1.9.3\junit-platform-commons-1.9.3.jar;C:\Users\willhan.kreuz\.m2\repository\org\apiguardian\apiguardian-api\1.1.2\apiguardian-api-1.1.2.jar;C:\Users\willhan.kreuz\.m2\repository\org\junit\jupiter\junit-jupiter-params\5.9.3\junit-jupiter-params-5.9.3.jar;C:\Users\willhan.kreuz\.m2\repository\org\junit\jupiter\junit-jupiter-engine\5.9.3\junit-jupiter-engine-5.9.3.jar;C:\Users\willhan.kreuz\.m2\repository\org\junit\platform\junit-platform-engine\1.9.3\junit-platform-engine-1.9.3.jar;C:\Users\willhan.kreuz\.m2\repository\org\mockito\mockito-junit-jupiter\4.8.1\mockito-junit-jupiter-4.8.1.jar;C:\Users\willhan.kreuz\.m2\repository\org\skyscreamer\jsonassert\1.5.1\jsonassert-1.5.1.jar;C:\Users\willhan.kreuz\.m2\repository\com\vaadin\external\google\android-json\0.0.20131108.vaadin1\android-json-0.0.20131108.vaadin1.jar;C:\Users\willhan.kreuz\.m2\repository\org\springframework\spring-test\6.0.13\spring-test-6.0.13.jar;C:\Users\willhan.kreuz\.m2\repository\org\xmlunit\xmlunit-core\2.9.1\xmlunit-core-2.9.1.jar;C:\Users\willhan.kreuz\.m2\repository\org\mockito\mockito-core\4.8.1\mockito-core-4.8.1.jar;C:\Users\willhan.kreuz\.m2\repository\net\bytebuddy\byte-buddy\1.12.23\byte-buddy-1.12.23.jar;C:\Users\willhan.kreuz\.m2\repository\net\bytebuddy\byte-buddy-agent\1.12.23\byte-buddy-agent-1.12.23.jar;C:\Users\willhan.kreuz\.m2\repository\io\rest-assured\rest-assured\4.5.0\rest-assured-4.5.0.jar;C:\Users\willhan.kreuz\.m2\repository\org\codehaus\groovy\groovy\3.0.9\groovy-3.0.9.jar;C:\Users\willhan.kreuz\.m2\repository\org\codehaus\groovy\groovy-xml\3.0.9\groovy-xml-3.0.9.jar;C:\Users\willhan.kreuz\.m2\repository\org\apache\httpcomponents\httpclient\4.5.14\httpclient-4.5.14.jar;C:\Users\willhan.kreuz\.m2\repository\org\apache\httpcomponents\httpcore\4.4.16\httpcore-4.4.16.jar;C:\Users\willhan.kreuz\.m2\repository\commons-codec\commons-codec\1.15\commons-codec-1.15.jar;C:\Users\willhan.kreuz\.m2\repository\org\apache\httpcomponents\httpmime\4.5.14\httpmime-4.5.14.jar;C:\Users\willhan.kreuz\.m2\repository\org\ccil\cowan\tagsoup\tagsoup\1.2.1\tagsoup-1.2.1.jar;C:\Users\willhan.kreuz\.m2\repository\io\rest-assured\json-path\4.5.0\json-path-4.5.0.jar;C:\Users\willhan.kreuz\.m2\repository\org\codehaus\groovy\groovy-json\3.0.9\groovy-json-3.0.9.jar;C:\Users\willhan.kreuz\.m2\repository\io\rest-assured\rest-assured-common\4.5.0\rest-assured-common-4.5.0.jar;C:\Users\willhan.kreuz\.m2\repository\io\rest-assured\xml-path\4.5.0\xml-path-4.5.0.jar;C:\Users\willhan.kreuz\.m2\repository\org\testcontainers\postgresql\1.16.3\postgresql-1.16.3.jar;C:\Users\willhan.kreuz\.m2\repository\org\testcontainers\jdbc\1.16.3\jdbc-1.16.3.jar;C:\Users\willhan.kreuz\.m2\repository\org\testcontainers\database-commons\1.16.3\database-commons-1.16.3.jar;C:\Users\willhan.kreuz\.m2\repository\org\testcontainers\testcontainers\1.16.3\testcontainers-1.16.3.jar;C:\Users\willhan.kreuz\.m2\repository\junit\junit\4.13.2\junit-4.13.2.jar;C:\Users\willhan.kreuz\.m2\repository\org\hamcrest\hamcrest-core\2.2\hamcrest-core-2.2.jar;C:\Users\willhan.kreuz\.m2\repository\org\apache\commons\commons-compress\1.21\commons-compress-1.21.jar;C:\Users\willhan.kreuz\.m2\repository\org\rnorth\duct-tape\duct-tape\1.0.8\duct-tape-1.0.8.jar;C:\Users\willhan.kreuz\.m2\repository\org\jetbrains\annotations\17.0.0\annotations-17.0.0.jar;C:\Users\willhan.kreuz\.m2\repository\com\github\docker-java\docker-java-api\3.2.12\docker-java-api-3.2.12.jar;C:\Users\willhan.kreuz\.m2\repository\com\github\docker-java\docker-java-transport-zerodep\3.2.12\docker-java-transport-zerodep-3.2.12.jar;C:\Users\willhan.kreuz\.m2\repository\com\github\docker-java\docker-java-transport\3.2.12\docker-java-transport-3.2.12.jar;C:\Users\willhan.kreuz\.m2\repository\net\java\dev\jna\jna\5.8.0\jna-5.8.0.jar;C:\Users\willhan.kreuz\.m2\repository\org\springframework\boot\spring-boot-devtools\3.0.12\spring-boot-devtools-3.0.12.jar;C:\Users\willhan.kreuz\.m2\repository\org\springframework\boot\spring-boot\3.0.12\spring-boot-3.0.12.jar;C:\Users\willhan.kreuz\.m2\repository\org\springframework\boot\spring-boot-autoconfigure\3.0.12\spring-boot-autoconfigure-3.0.12.jar;"/>
    <property name="java.vm.vendor" value="Oracle Corporation"/>
    <property name="sun.arch.data.model" value="64"/>
    <property name="user.variant" value=""/>
    <property name="java.vendor.url" value="https://java.oracle.com/"/>
    <property name="user.timezone" value="America/Sao_Paulo"/>
    <property name="os.name" value="Windows 11"/>
    <property name="java.vm.specification.version" value="18"/>
    <property name="sun.java.launcher" value="SUN_STANDARD"/>
    <property name="user.country" value="BR"/>
    <property name="sun.boot.library.path" value="C:\Program Files\Java\jdk-18.0.2.1\bin"/>
    <property name="sun.java.command" value="C:\Users\WILLHA~1.KRE\AppData\Local\Temp\surefire4704208304058554050\surefirebooter10009377524410349927.jar C:\Users\willhan.kreuz\AppData\Local\Temp\surefire4704208304058554050 2023-11-03T22-48-20_531-jvmRun1 surefire14065734760758093073tmp surefire_04332889391917010157tmp"/>
    <property name="jdk.debug" value="release"/>
    <property name="surefire.test.class.path" value="C:\Users\willhan.kreuz\Documents\pontotrilha\pontotrilha\target\test-classes;C:\Users\willhan.kreuz\Documents\pontotrilha\pontotrilha\target\classes;C:\Users\willhan.kreuz\.m2\repository\org\springframework\boot\spring-boot-starter-web\3.0.12\spring-boot-starter-web-3.0.12.jar;C:\Users\willhan.kreuz\.m2\repository\org\springframework\boot\spring-boot-starter\3.0.12\spring-boot-starter-3.0.12.jar;C:\Users\willhan.kreuz\.m2\repository\org\springframework\boot\spring-boot-starter-logging\3.0.12\spring-boot-starter-logging-3.0.12.jar;C:\Users\willhan.kreuz\.m2\repository\ch\qos\logback\logback-classic\1.4.11\logback-classic-1.4.11.jar;C:\Users\willhan.kreuz\.m2\repository\ch\qos\logback\logback-core\1.4.11\logback-core-1.4.11.jar;C:\Users\willhan.kreuz\.m2\repository\org\apache\logging\log4j\log4j-to-slf4j\2.19.0\log4j-to-slf4j-2.19.0.jar;C:\Users\willhan.kreuz\.m2\repository\org\apache\logging\log4j\log4j-api\2.19.0\log4j-api-2.19.0.jar;C:\Users\willhan.kreuz\.m2\repository\org\slf4j\jul-to-slf4j\2.0.9\jul-to-slf4j-2.0.9.jar;C:\Users\willhan.kreuz\.m2\repository\jakarta\annotation\jakarta.annotation-api\2.1.1\jakarta.annotation-api-2.1.1.jar;C:\Users\willhan.kreuz\.m2\repository\org\springframework\boot\spring-boot-starter-json\3.0.12\spring-boot-starter-json-3.0.12.jar;C:\Users\willhan.kreuz\.m2\repository\com\fasterxml\jackson\datatype\jackson-datatype-jdk8\2.14.3\jackson-datatype-jdk8-2.14.3.jar;C:\Users\willhan.kreuz\.m2\repository\com\fasterxml\jackson\datatype\jackson-datatype-jsr310\2.14.3\jackson-datatype-jsr310-2.14.3.jar;C:\Users\willhan.kreuz\.m2\repository\com\fasterxml\jackson\module\jackson-module-parameter-names\2.14.3\jackson-module-parameter-names-2.14.3.jar;C:\Users\willhan.kreuz\.m2\repository\org\springframework\boot\spring-boot-starter-tomcat\3.0.12\spring-boot-starter-tomcat-3.0.12.jar;C:\Users\willhan.kreuz\.m2\repository\org\apache\tomcat\embed\tomcat-embed-core\10.1.15\tomcat-embed-core-10.1.15.jar;C:\Users\willhan.kreuz\.m2\repository\org\apache\tomcat\embed\tomcat-embed-websocket\10.1.15\tomcat-embed-websocket-10.1.15.jar;C:\Users\willhan.kreuz\.m2\repository\org\springframework\spring-web\6.0.13\spring-web-6.0.13.jar;C:\Users\willhan.kreuz\.m2\repository\io\micrometer\micrometer-observation\1.10.12\micrometer-observation-1.10.12.jar;C:\Users\willhan.kreuz\.m2\repository\io\micrometer\micrometer-commons\1.10.12\micrometer-commons-1.10.12.jar;C:\Users\willhan.kreuz\.m2\repository\org\springframework\spring-webmvc\6.0.13\spring-webmvc-6.0.13.jar;C:\Users\willhan.kreuz\.m2\repository\org\springframework\spring-expression\6.0.13\spring-expression-6.0.13.jar;C:\Users\willhan.kreuz\.m2\repository\org\springframework\boot\spring-boot-starter-data-jpa\3.0.12\spring-boot-starter-data-jpa-3.0.12.jar;C:\Users\willhan.kreuz\.m2\repository\org\springframework\boot\spring-boot-starter-aop\3.0.12\spring-boot-starter-aop-3.0.12.jar;C:\Users\willhan.kreuz\.m2\repository\org\aspectj\aspectjweaver\1.9.20\aspectjweaver-1.9.20.jar;C:\Users\willhan.kreuz\.m2\repository\org\springframework\boot\spring-boot-starter-jdbc\3.0.12\spring-boot-starter-jdbc-3.0.12.jar;C:\Users\willhan.kreuz\.m2\repository\com\zaxxer\HikariCP\5.0.1\HikariCP-5.0.1.jar;C:\Users\willhan.kreuz\.m2\repository\org\springframework\spring-jdbc\6.0.13\spring-jdbc-6.0.13.jar;C:\Users\willhan.kreuz\.m2\repository\org\hibernate\orm\hibernate-core\6.1.7.Final\hibernate-core-6.1.7.Final.jar;C:\Users\willhan.kreuz\.m2\repository\jakarta\persistence\jakarta.persistence-api\3.1.0\jakarta.persistence-api-3.1.0.jar;C:\Users\willhan.kreuz\.m2\repository\jakarta\transaction\jakarta.transaction-api\2.0.1\jakarta.transaction-api-2.0.1.jar;C:\Users\willhan.kreuz\.m2\repository\org\jboss\logging\jboss-logging\3.5.3.Final\jboss-logging-3.5.3.Final.jar;C:\Users\willhan.kreuz\.m2\repository\org\hibernate\common\hibernate-commons-annotations\6.0.6.Final\hibernate-commons-annotations-6.0.6.Final.jar;C:\Users\willhan.kreuz\.m2\repository\org\jboss\jandex\2.4.2.Final\jandex-2.4.2.Final.jar;C:\Users\willhan.kreuz\.m2\repository\com\fasterxml\classmate\1.5.1\classmate-1.5.1.jar;C:\Users\willhan.kreuz\.m2\repository\org\glassfish\jaxb\jaxb-runtime\4.0.3\jaxb-runtime-4.0.3.jar;C:\Users\willhan.kreuz\.m2\repository\org\glassfish\jaxb\jaxb-core\4.0.3\jaxb-core-4.0.3.jar;C:\Users\willhan.kreuz\.m2\repository\org\eclipse\angus\angus-activation\2.0.1\angus-activation-2.0.1.jar;C:\Users\willhan.kreuz\.m2\repository\org\glassfish\jaxb\txw2\4.0.3\txw2-4.0.3.jar;C:\Users\willhan.kreuz\.m2\repository\com\sun\istack\istack-commons-runtime\4.1.2\istack-commons-runtime-4.1.2.jar;C:\Users\willhan.kreuz\.m2\repository\jakarta\inject\jakarta.inject-api\2.0.0\jakarta.inject-api-2.0.0.jar;C:\Users\willhan.kreuz\.m2\repository\org\antlr\antlr4-runtime\4.10.1\antlr4-runtime-4.10.1.jar;C:\Users\willhan.kreuz\.m2\repository\org\springframework\data\spring-data-jpa\3.0.11\spring-data-jpa-3.0.11.jar;C:\Users\willhan.kreuz\.m2\repository\org\springframework\data\spring-data-commons\3.0.11\spring-data-commons-3.0.11.jar;C:\Users\willhan.kreuz\.m2\repository\org\springframework\spring-orm\6.0.13\spring-orm-6.0.13.jar;C:\Users\willhan.kreuz\.m2\repository\org\springframework\spring-tx\6.0.13\spring-tx-6.0.13.jar;C:\Users\willhan.kreuz\.m2\repository\org\springframework\spring-aspects\6.0.13\spring-aspects-6.0.13.jar;C:\Users\willhan.kreuz\.m2\repository\org\springframework\hateoas\spring-hateoas\2.0.6\spring-hateoas-2.0.6.jar;C:\Users\willhan.kreuz\.m2\repository\org\springframework\spring-aop\6.0.13\spring-aop-6.0.13.jar;C:\Users\willhan.kreuz\.m2\repository\org\springframework\spring-beans\6.0.13\spring-beans-6.0.13.jar;C:\Users\willhan.kreuz\.m2\repository\org\springframework\spring-context\6.0.13\spring-context-6.0.13.jar;C:\Users\willhan.kreuz\.m2\repository\org\springframework\spring-core\6.0.13\spring-core-6.0.13.jar;C:\Users\willhan.kreuz\.m2\repository\org\springframework\spring-jcl\6.0.13\spring-jcl-6.0.13.jar;C:\Users\willhan.kreuz\.m2\repository\org\springframework\plugin\spring-plugin-core\3.0.0\spring-plugin-core-3.0.0.jar;C:\Users\willhan.kreuz\.m2\repository\com\jayway\jsonpath\json-path\2.7.0\json-path-2.7.0.jar;C:\Users\willhan.kreuz\.m2\repository\net\minidev\json-smart\2.4.11\json-smart-2.4.11.jar;C:\Users\willhan.kreuz\.m2\repository\net\minidev\accessors-smart\2.4.11\accessors-smart-2.4.11.jar;C:\Users\willhan.kreuz\.m2\repository\org\ow2\asm\asm\9.3\asm-9.3.jar;C:\Users\willhan.kreuz\.m2\repository\org\slf4j\slf4j-api\2.0.9\slf4j-api-2.0.9.jar;C:\Users\willhan.kreuz\.m2\repository\com\fasterxml\jackson\dataformat\jackson-dataformat-xml\2.14.3\jackson-dataformat-xml-2.14.3.jar;C:\Users\willhan.kreuz\.m2\repository\com\fasterxml\jackson\core\jackson-core\2.14.3\jackson-core-2.14.3.jar;C:\Users\willhan.kreuz\.m2\repository\com\fasterxml\jackson\core\jackson-annotations\2.14.3\jackson-annotations-2.14.3.jar;C:\Users\willhan.kreuz\.m2\repository\com\fasterxml\jackson\core\jackson-databind\2.14.3\jackson-databind-2.14.3.jar;C:\Users\willhan.kreuz\.m2\repository\org\codehaus\woodstox\stax2-api\4.2.1\stax2-api-4.2.1.jar;C:\Users\willhan.kreuz\.m2\repository\com\fasterxml\woodstox\woodstox-core\6.5.0\woodstox-core-6.5.0.jar;C:\Users\willhan.kreuz\.m2\repository\com\fasterxml\jackson\dataformat\jackson-dataformat-yaml\2.14.3\jackson-dataformat-yaml-2.14.3.jar;C:\Users\willhan.kreuz\.m2\repository\org\yaml\snakeyaml\1.33\snakeyaml-1.33.jar;C:\Users\willhan.kreuz\.m2\repository\org\postgresql\postgresql\42.5.4\postgresql-42.5.4.jar;C:\Users\willhan.kreuz\.m2\repository\org\checkerframework\checker-qual\3.5.0\checker-qual-3.5.0.jar;C:\Users\willhan.kreuz\.m2\repository\org\flywaydb\flyway-core\9.5.1\flyway-core-9.5.1.jar;C:\Users\willhan.kreuz\.m2\repository\com\electronwill\night-config\toml\3.6.6\toml-3.6.6.jar;C:\Users\willhan.kreuz\.m2\repository\com\electronwill\night-config\core\3.6.6\core-3.6.6.jar;C:\Users\willhan.kreuz\.m2\repository\com\github\dozermapper\dozer-core\6.4.0\dozer-core-6.4.0.jar;C:\Users\willhan.kreuz\.m2\repository\commons-beanutils\commons-beanutils\1.9.3\commons-beanutils-1.9.3.jar;C:\Users\willhan.kreuz\.m2\repository\commons-collections\commons-collections\3.2.2\commons-collections-3.2.2.jar;C:\Users\willhan.kreuz\.m2\repository\org\apache\commons\commons-lang3\3.12.0\commons-lang3-3.12.0.jar;C:\Users\willhan.kreuz\.m2\repository\commons-io\commons-io\2.5\commons-io-2.5.jar;C:\Users\willhan.kreuz\.m2\repository\javax\xml\bind\jaxb-api\2.2.11\jaxb-api-2.2.11.jar;C:\Users\willhan.kreuz\.m2\repository\org\slf4j\jcl-over-slf4j\2.0.9\jcl-over-slf4j-2.0.9.jar;C:\Users\willhan.kreuz\.m2\repository\org\objenesis\objenesis\2.6\objenesis-2.6.jar;C:\Users\willhan.kreuz\.m2\repository\org\projectlombok\lombok\1.18.30\lombok-1.18.30.jar;C:\Users\willhan.kreuz\.m2\repository\org\springdoc\springdoc-openapi-starter-webmvc-ui\2.0.2\springdoc-openapi-starter-webmvc-ui-2.0.2.jar;C:\Users\willhan.kreuz\.m2\repository\org\springdoc\springdoc-openapi-starter-webmvc-api\2.0.2\springdoc-openapi-starter-webmvc-api-2.0.2.jar;C:\Users\willhan.kreuz\.m2\repository\org\springdoc\springdoc-openapi-starter-common\2.0.2\springdoc-openapi-starter-common-2.0.2.jar;C:\Users\willhan.kreuz\.m2\repository\io\swagger\core\v3\swagger-core-jakarta\2.2.7\swagger-core-jakarta-2.2.7.jar;C:\Users\willhan.kreuz\.m2\repository\io\swagger\core\v3\swagger-annotations-jakarta\2.2.7\swagger-annotations-jakarta-2.2.7.jar;C:\Users\willhan.kreuz\.m2\repository\io\swagger\core\v3\swagger-models-jakarta\2.2.7\swagger-models-jakarta-2.2.7.jar;C:\Users\willhan.kreuz\.m2\repository\org\webjars\swagger-ui\4.15.5\swagger-ui-4.15.5.jar;C:\Users\willhan.kreuz\.m2\repository\org\webjars\webjars-locator-core\0.52\webjars-locator-core-0.52.jar;C:\Users\willhan.kreuz\.m2\repository\io\github\classgraph\classgraph\4.8.149\classgraph-4.8.149.jar;C:\Users\willhan.kreuz\.m2\repository\org\springframework\boot\spring-boot-starter-validation\3.0.12\spring-boot-starter-validation-3.0.12.jar;C:\Users\willhan.kreuz\.m2\repository\org\apache\tomcat\embed\tomcat-embed-el\10.1.15\tomcat-embed-el-10.1.15.jar;C:\Users\willhan.kreuz\.m2\repository\org\hibernate\validator\hibernate-validator\8.0.1.Final\hibernate-validator-8.0.1.Final.jar;C:\Users\willhan.kreuz\.m2\repository\jakarta\validation\jakarta.validation-api\3.0.2\jakarta.validation-api-3.0.2.jar;C:\Users\willhan.kreuz\.m2\repository\org\springframework\boot\spring-boot-starter-test\3.0.12\spring-boot-starter-test-3.0.12.jar;C:\Users\willhan.kreuz\.m2\repository\org\springframework\boot\spring-boot-test\3.0.12\spring-boot-test-3.0.12.jar;C:\Users\willhan.kreuz\.m2\repository\org\springframework\boot\spring-boot-test-autoconfigure\3.0.12\spring-boot-test-autoconfigure-3.0.12.jar;C:\Users\willhan.kreuz\.m2\repository\jakarta\xml\bind\jakarta.xml.bind-api\4.0.1\jakarta.xml.bind-api-4.0.1.jar;C:\Users\willhan.kreuz\.m2\repository\jakarta\activation\jakarta.activation-api\2.1.2\jakarta.activation-api-2.1.2.jar;C:\Users\willhan.kreuz\.m2\repository\org\assertj\assertj-core\3.23.1\assertj-core-3.23.1.jar;C:\Users\willhan.kreuz\.m2\repository\org\hamcrest\hamcrest\2.2\hamcrest-2.2.jar;C:\Users\willhan.kreuz\.m2\repository\org\junit\jupiter\junit-jupiter\5.9.3\junit-jupiter-5.9.3.jar;C:\Users\willhan.kreuz\.m2\repository\org\junit\jupiter\junit-jupiter-api\5.9.3\junit-jupiter-api-5.9.3.jar;C:\Users\willhan.kreuz\.m2\repository\org\opentest4j\opentest4j\1.2.0\opentest4j-1.2.0.jar;C:\Users\willhan.kreuz\.m2\repository\org\junit\platform\junit-platform-commons\1.9.3\junit-platform-commons-1.9.3.jar;C:\Users\willhan.kreuz\.m2\repository\org\apiguardian\apiguardian-api\1.1.2\apiguardian-api-1.1.2.jar;C:\Users\willhan.kreuz\.m2\repository\org\junit\jupiter\junit-jupiter-params\5.9.3\junit-jupiter-params-5.9.3.jar;C:\Users\willhan.kreuz\.m2\repository\org\junit\jupiter\junit-jupiter-engine\5.9.3\junit-jupiter-engine-5.9.3.jar;C:\Users\willhan.kreuz\.m2\repository\org\junit\platform\junit-platform-engine\1.9.3\junit-platform-engine-1.9.3.jar;C:\Users\willhan.kreuz\.m2\repository\org\mockito\mockito-junit-jupiter\4.8.1\mockito-junit-jupiter-4.8.1.jar;C:\Users\willhan.kreuz\.m2\repository\org\skyscreamer\jsonassert\1.5.1\jsonassert-1.5.1.jar;C:\Users\willhan.kreuz\.m2\repository\com\vaadin\external\google\android-json\0.0.20131108.vaadin1\android-json-0.0.20131108.vaadin1.jar;C:\Users\willhan.kreuz\.m2\repository\org\springframework\spring-test\6.0.13\spring-test-6.0.13.jar;C:\Users\willhan.kreuz\.m2\repository\org\xmlunit\xmlunit-core\2.9.1\xmlunit-core-2.9.1.jar;C:\Users\willhan.kreuz\.m2\repository\org\mockito\mockito-core\4.8.1\mockito-core-4.8.1.jar;C:\Users\willhan.kreuz\.m2\repository\net\bytebuddy\byte-buddy\1.12.23\byte-buddy-1.12.23.jar;C:\Users\willhan.kreuz\.m2\repository\net\bytebuddy\byte-buddy-agent\1.12.23\byte-buddy-agent-1.12.23.jar;C:\Users\willhan.kreuz\.m2\repository\io\rest-assured\rest-assured\4.5.0\rest-assured-4.5.0.jar;C:\Users\willhan.kreuz\.m2\repository\org\codehaus\groovy\groovy\3.0.9\groovy-3.0.9.jar;C:\Users\willhan.kreuz\.m2\repository\org\codehaus\groovy\groovy-xml\3.0.9\groovy-xml-3.0.9.jar;C:\Users\willhan.kreuz\.m2\repository\org\apache\httpcomponents\httpclient\4.5.14\httpclient-4.5.14.jar;C:\Users\willhan.kreuz\.m2\repository\org\apache\httpcomponents\httpcore\4.4.16\httpcore-4.4.16.jar;C:\Users\willhan.kreuz\.m2\repository\commons-codec\commons-codec\1.15\commons-codec-1.15.jar;C:\Users\willhan.kreuz\.m2\repository\org\apache\httpcomponents\httpmime\4.5.14\httpmime-4.5.14.jar;C:\Users\willhan.kreuz\.m2\repository\org\ccil\cowan\tagsoup\tagsoup\1.2.1\tagsoup-1.2.1.jar;C:\Users\willhan.kreuz\.m2\repository\io\rest-assured\json-path\4.5.0\json-path-4.5.0.jar;C:\Users\willhan.kreuz\.m2\repository\org\codehaus\groovy\groovy-json\3.0.9\groovy-json-3.0.9.jar;C:\Users\willhan.kreuz\.m2\repository\io\rest-assured\rest-assured-common\4.5.0\rest-assured-common-4.5.0.jar;C:\Users\willhan.kreuz\.m2\repository\io\rest-assured\xml-path\4.5.0\xml-path-4.5.0.jar;C:\Users\willhan.kreuz\.m2\repository\org\testcontainers\postgresql\1.16.3\postgresql-1.16.3.jar;C:\Users\willhan.kreuz\.m2\repository\org\testcontainers\jdbc\1.16.3\jdbc-1.16.3.jar;C:\Users\willhan.kreuz\.m2\repository\org\testcontainers\database-commons\1.16.3\database-commons-1.16.3.jar;C:\Users\willhan.kreuz\.m2\repository\org\testcontainers\testcontainers\1.16.3\testcontainers-1.16.3.jar;C:\Users\willhan.kreuz\.m2\repository\junit\junit\4.13.2\junit-4.13.2.jar;C:\Users\willhan.kreuz\.m2\repository\org\hamcrest\hamcrest-core\2.2\hamcrest-core-2.2.jar;C:\Users\willhan.kreuz\.m2\repository\org\apache\commons\commons-compress\1.21\commons-compress-1.21.jar;C:\Users\willhan.kreuz\.m2\repository\org\rnorth\duct-tape\duct-tape\1.0.8\duct-tape-1.0.8.jar;C:\Users\willhan.kreuz\.m2\repository\org\jetbrains\annotations\17.0.0\annotations-17.0.0.jar;C:\Users\willhan.kreuz\.m2\repository\com\github\docker-java\docker-java-api\3.2.12\docker-java-api-3.2.12.jar;C:\Users\willhan.kreuz\.m2\repository\com\github\docker-java\docker-java-transport-zerodep\3.2.12\docker-java-transport-zerodep-3.2.12.jar;C:\Users\willhan.kreuz\.m2\repository\com\github\docker-java\docker-java-transport\3.2.12\docker-java-transport-3.2.12.jar;C:\Users\willhan.kreuz\.m2\repository\net\java\dev\jna\jna\5.8.0\jna-5.8.0.jar;C:\Users\willhan.kreuz\.m2\repository\org\springframework\boot\spring-boot-devtools\3.0.12\spring-boot-devtools-3.0.12.jar;C:\Users\willhan.kreuz\.m2\repository\org\springframework\boot\spring-boot\3.0.12\spring-boot-3.0.12.jar;C:\Users\willhan.kreuz\.m2\repository\org\springframework\boot\spring-boot-autoconfigure\3.0.12\spring-boot-autoconfigure-3.0.12.jar;"/>
    <property name="sun.cpu.endian" value="little"/>
    <property name="user.home" value="C:\Users\willhan.kreuz"/>
    <property name="user.language" value="pt"/>
    <property name="java.specification.vendor" value="Oracle Corporation"/>
    <property name="java.version.date" value="2022-08-18"/>
    <property name="java.home" value="C:\Program Files\Java\jdk-18.0.2.1"/>
    <property name="file.separator" value="\"/>
    <property name="basedir" value="C:\Users\willhan.kreuz\Documents\pontotrilha\pontotrilha"/>
    <property name="java.vm.compressedOopsMode" value="32-bit"/>
    <property name="line.separator" value="&#10;"/>
    <property name="java.vm.specification.vendor" value="Oracle Corporation"/>
    <property name="java.specification.name" value="Java Platform API Specification"/>
    <property name="surefire.real.class.path" value="C:\Users\WILLHA~1.KRE\AppData\Local\Temp\surefire4704208304058554050\surefirebooter10009377524410349927.jar"/>
    <property name="user.script" value=""/>
    <property name="sun.management.compiler" value="HotSpot 64-Bit Tiered Compilers"/>
    <property name="java.runtime.version" value="18.0.2.1+1-1"/>
    <property name="user.name" value="willhan.kreuz"/>
    <property name="path.separator" value=";"/>
    <property name="os.version" value="10.0"/>
    <property name="java.runtime.name" value="Java(TM) SE Runtime Environment"/>
    <property name="file.encoding" value="UTF-8"/>
    <property name="java.vm.name" value="Java HotSpot(TM) 64-Bit Server VM"/>
    <property name="localRepository" value="C:\Users\willhan.kreuz\.m2\repository"/>
    <property name="java.vendor.url.bug" value="https://bugreport.java.com/bugreport/"/>
    <property name="java.io.tmpdir" value="C:\Users\WILLHA~1.KRE\AppData\Local\Temp\"/>
    <property name="java.version" value="18.0.2.1"/>
    <property name="user.dir" value="C:\Users\willhan.kreuz\Documents\pontotrilha\pontotrilha"/>
    <property name="os.arch" value="amd64"/>
    <property name="java.vm.specification.name" value="Java Virtual Machine Specification"/>
    <property name="sun.os.patch.level" value=""/>
    <property name="native.encoding" value="Cp1252"/>
    <property name="java.library.path" value="C:\Program Files\Java\jdk-18.0.2.1\bin;C:\WINDOWS\Sun\Java\bin;C:\WINDOWS\system32;C:\WINDOWS;C:\Users\willhan.kreuz\bin;C:\Program Files\Git\mingw64\bin;C:\Program Files\Git\usr\local\bin;C:\Program Files\Git\usr\bin;C:\Program Files\Git\usr\bin;C:\Program Files\Git\mingw64\bin;C:\Program Files\Git\usr\bin;C:\Users\willhan.kreuz\bin;C:\Program Files\Common Files\Oracle\Java\javapath;C:\Program Files (x86)\Common Files\Oracle\Java\javapath;C:\WINDOWS\system32;C:\WINDOWS;C:\WINDOWS\System32\Wbem;C:\WINDOWS\System32\WindowsPowerShell\v1.0;C:\WINDOWS\System32\OpenSSH;C:\Program Files\Git\cmd;C:\Program Files\nodejs;C:\PROGRA~2\Borland\Delphi6\Bin;C:\PROGRA~2\Borland\Delphi6\Projects\Bpl;C:\Program Files\dotnet;C:\Program Files\Docker\Docker\resources\bin;C:\Program Files\Java\jdk-18.0.2.1\bin;C:\maven\bin;C:\Users\willhan.kreuz\AppData\Local\Programs\Python\Launcher;C:\Users\willhan.kreuz\AppData\Local\Microsoft\WindowsApps;C:\Users\willhan.kreuz\AppData\Local\Programs\Microsoft VS Code\bin;C:\Users\willhan.kreuz\AppData\Roaming\npm;C:\Users\willhan.kreuz\.dotnet\tools;C:\Program Files\JetBrains\IntelliJ IDEA Community Edition 2023.1.3\bin;C:\Program Files\heroku\bin;C:\Program Files\Java\jdk-18.0.2.1\bin;C:\maven\bin;C:\Program Files\Git\usr\bin\vendor_perl;C:\Program Files\Git\usr\bin\core_perl;."/>
    <property name="java.vm.info" value="mixed mode, sharing"/>
    <property name="java.vendor" value="Oracle Corporation"/>
    <property name="java.vm.version" value="18.0.2.1+1-1"/>
    <property name="sun.io.unicode.encoding" value="UnicodeLittle"/>
    <property name="java.class.version" value="62.0"/>
  </properties>
  <testcase name="shouldDisplaySwaggerUiPage" classname="br.com.empresa.integrationtests.swagger.SwaggerIntegrationTest" time="0.126"/>
</testsuite>